{"/Users/zane/.liq/playground/liquid-labs/yaml-inc/src/yaml-inc.mjs": {"path":"/Users/zane/.liq/playground/liquid-labs/yaml-inc/src/yaml-inc.mjs","statementMap":{"0":{"start":{"line":1,"column":0},"end":{"line":1,"column":null}},"1":{"start":{"line":2,"column":0},"end":{"line":2,"column":null}},"2":{"start":{"line":3,"column":0},"end":{"line":3,"column":null}},"3":{"start":{"line":5,"column":0},"end":{"line":5,"column":26}},"4":{"start":{"line":5,"column":26},"end":{"line":5,"column":null}},"5":{"start":{"line":7,"column":22},"end":{"line":7,"column":38}},"6":{"start":{"line":16,"column":17},"end":{"line":20,"column":1}},"7":{"start":{"line":17,"column":19},"end":{"line":17,"column":63}},"8":{"start":{"line":18,"column":16},"end":{"line":18,"column":67}},"9":{"start":{"line":19,"column":2},"end":{"line":19,"column":null}},"10":{"start":{"line":20,"column":1},"end":{"line":20,"column":null}},"11":{"start":{"line":22,"column":19},"end":{"line":22,"column":22}},"12":{"start":{"line":22,"column":19},"end":{"line":26,"column":null}},"13":{"start":{"line":22,"column":45},"end":{"line":25,"column":null}},"14":{"start":{"line":22,"column":45},"end":{"line":22,"column":null}},"15":{"start":{"line":22,"column":45},"end":{"line":23,"column":null}},"16":{"start":{"line":23,"column":8},"end":{"line":23,"column":25}},"17":{"start":{"line":24,"column":8},"end":{"line":24,"column":null}},"18":{"start":{"line":24,"column":67},"end":{"line":25,"column":null}},"19":{"start":{"line":25,"column":36},"end":{"line":25,"column":null}},"20":{"start":{"line":26,"column":1},"end":{"line":22,"column":22}},"21":{"start":{"line":26,"column":1},"end":{"line":26,"column":null}},"22":{"start":{"line":28,"column":24},"end":{"line":52,"column":1}},"23":{"start":{"line":28,"column":74},"end":{"line":28,"column":44}},"24":{"start":{"line":28,"column":44},"end":{"line":28,"column":59}},"25":{"start":{"line":28,"column":67},"end":{"line":28,"column":66}},"26":{"start":{"line":29,"column":16},"end":{"line":29,"column":36}},"27":{"start":{"line":30,"column":25},"end":{"line":30,"column":27}},"28":{"start":{"line":30,"column":27},"end":{"line":31,"column":28}},"29":{"start":{"line":31,"column":26},"end":{"line":49,"column":null}},"30":{"start":{"line":31,"column":2},"end":{"line":49,"column":3}},"31":{"start":{"line":31,"column":17},"end":{"line":31,"column":21}},"32":{"start":{"line":32,"column":4},"end":{"line":48,"column":null}},"33":{"start":{"line":33,"column":24},"end":{"line":33,"column":52}},"34":{"start":{"line":34,"column":6},"end":{"line":39,"column":null}},"35":{"start":{"line":35,"column":8},"end":{"line":35,"column":null}},"36":{"start":{"line":38,"column":8},"end":{"line":38,"column":null}},"37":{"start":{"line":40,"column":26},"end":{"line":40,"column":73}},"38":{"start":{"line":41,"column":21},"end":{"line":41,"column":48}},"39":{"start":{"line":43,"column":27},"end":{"line":43,"column":86}},"40":{"start":{"line":44,"column":6},"end":{"line":44,"column":null}},"41":{"start":{"line":47,"column":6},"end":{"line":47,"column":null}},"42":{"start":{"line":49,"column":3},"end":{"line":49,"column":null}},"43":{"start":{"line":51,"column":2},"end":{"line":51,"column":null}}},"fnMap":{"0":{"name":"_getRequireWildcardCache","decl":{"start":{"line":5,"column":26},"end":{"line":5,"column":null}},"loc":{"start":{"line":5,"column":26},"end":{"line":5,"column":null}}},"1":{"name":"loadYAML","decl":{"start":{"line":16,"column":6},"end":{"line":16,"column":14}},"loc":{"start":{"line":16,"column":40},"end":{"line":20,"column":1}}},"2":{"name":"(anonymous_19)","decl":{"start":{"line":22,"column":19},"end":{"line":22,"column":22}},"loc":{"start":{"line":22,"column":19},"end":{"line":22,"column":22}}},"3":{"name":"_callee","decl":{"start":{"line":22,"column":22},"end":{"line":22,"column":28}},"loc":{"start":{"line":22,"column":45},"end":{"line":25,"column":null}}},"4":{"name":"_callee$","decl":{"start":{"line":22,"column":45},"end":{"line":22,"column":null}},"loc":{"start":{"line":22,"column":45},"end":{"line":25,"column":null}}},"5":{"name":"loadYAMLAsync","decl":{"start":{"line":22,"column":6},"end":{"line":22,"column":19}},"loc":{"start":{"line":22,"column":19},"end":{"line":22,"column":22}}},"6":{"name":"processContents","decl":{"start":{"line":28,"column":6},"end":{"line":28,"column":21}},"loc":{"start":{"line":28,"column":74},"end":{"line":52,"column":1}}}},"branchMap":{"0":{"loc":{"start":{"line":5,"column":26},"end":{"line":5,"column":null}},"type":"if","locations":[{"start":{"line":5,"column":26},"end":{"line":5,"column":null}}]},"1":{"loc":{"start":{"line":5,"column":26},"end":{"line":5,"column":null}},"type":"cond-expr","locations":[{"start":{"line":5,"column":26},"end":{"line":5,"column":null}},{"start":{"line":5,"column":26},"end":{"line":5,"column":null}}]},"2":{"loc":{"start":{"line":5,"column":26},"end":{"line":5,"column":null}},"type":"binary-expr","locations":[{"start":{"line":5,"column":26},"end":{"line":5,"column":null}},{"start":{"line":5,"column":26},"end":{"line":5,"column":null}},{"start":{"line":5,"column":26},"end":{"line":5,"column":null}}]},"3":{"loc":{"start":{"line":5,"column":26},"end":{"line":5,"column":null}},"type":"binary-expr","locations":[{"start":{"line":5,"column":26},"end":{"line":5,"column":null}},{"start":{"line":5,"column":26},"end":{"line":5,"column":null}},{"start":{"line":5,"column":26},"end":{"line":5,"column":null}},{"start":{"line":5,"column":26},"end":{"line":5,"column":null}},{"start":{"line":5,"column":26},"end":{"line":5,"column":null}}]},"4":{"loc":{"start":{"line":22,"column":45},"end":{"line":25,"column":null}},"type":"switch","locations":[{"start":{"line":22,"column":45},"end":{"line":23,"column":null}},{"start":{"line":23,"column":68},"end":{"line":25,"column":null}},{"start":{"line":25,"column":36},"end":{"line":25,"column":null}},{"start":{"line":25,"column":36},"end":{"line":25,"column":null}}]},"5":{"loc":{"start":{"line":28,"column":44},"end":{"line":28,"column":59}},"type":"cond-expr","locations":[{"start":{"line":28,"column":47},"end":{"line":28,"column":57}},{"start":{"line":28,"column":57},"end":{"line":28,"column":59}}]},"6":{"loc":{"start":{"line":32,"column":4},"end":{"line":48,"column":null}},"type":"if","locations":[{"start":{"line":32,"column":4},"end":{"line":48,"column":null}},{"start":{"line":46,"column":9},"end":{"line":48,"column":null}}]},"7":{"loc":{"start":{"line":34,"column":6},"end":{"line":39,"column":null}},"type":"if","locations":[{"start":{"line":34,"column":6},"end":{"line":39,"column":null}},{"start":{"line":37,"column":11},"end":{"line":39,"column":null}}]}},"s":{"0":1,"1":1,"2":1,"3":1,"4":450,"5":1,"6":1,"7":4,"8":4,"9":4,"10":1,"11":1,"12":1,"13":0,"14":0,"15":0,"16":0,"17":0,"18":0,"19":0,"20":1,"21":1,"22":1,"23":6,"24":6,"25":6,"26":6,"27":6,"28":6,"29":6,"30":6,"31":26,"32":26,"33":2,"34":2,"35":0,"36":2,"37":2,"38":2,"39":2,"40":2,"41":24,"42":6,"43":6},"f":{"0":71,"1":4,"2":1,"3":0,"4":0,"5":0,"6":6},"b":{"0":[56],"1":[130,114],"2":[56,56,48],"3":[0,0,0,0,0],"4":[0,0,0,0],"5":[4,2],"6":[2,24],"7":[0,2]}}
}
