{"/Users/zane/.liq/playground/liquid-labs/yaml-inc/src/yaml-inc.mjs": {"path":"/Users/zane/.liq/playground/liquid-labs/yaml-inc/src/yaml-inc.mjs","statementMap":{"0":{"start":{"line":1,"column":0},"end":{"line":1,"column":null}},"1":{"start":{"line":2,"column":0},"end":{"line":2,"column":null}},"2":{"start":{"line":3,"column":0},"end":{"line":3,"column":null}},"3":{"start":{"line":5,"column":0},"end":{"line":5,"column":26}},"4":{"start":{"line":5,"column":26},"end":{"line":5,"column":null}},"5":{"start":{"line":7,"column":22},"end":{"line":7,"column":38}},"6":{"start":{"line":9,"column":17},"end":{"line":13,"column":1}},"7":{"start":{"line":10,"column":19},"end":{"line":10,"column":63}},"8":{"start":{"line":11,"column":16},"end":{"line":11,"column":67}},"9":{"start":{"line":12,"column":2},"end":{"line":12,"column":null}},"10":{"start":{"line":13,"column":1},"end":{"line":13,"column":null}},"11":{"start":{"line":15,"column":19},"end":{"line":15,"column":22}},"12":{"start":{"line":15,"column":19},"end":{"line":19,"column":null}},"13":{"start":{"line":15,"column":45},"end":{"line":18,"column":null}},"14":{"start":{"line":15,"column":45},"end":{"line":15,"column":null}},"15":{"start":{"line":15,"column":45},"end":{"line":16,"column":null}},"16":{"start":{"line":16,"column":8},"end":{"line":16,"column":25}},"17":{"start":{"line":17,"column":8},"end":{"line":17,"column":null}},"18":{"start":{"line":17,"column":67},"end":{"line":18,"column":null}},"19":{"start":{"line":18,"column":36},"end":{"line":18,"column":null}},"20":{"start":{"line":19,"column":1},"end":{"line":15,"column":22}},"21":{"start":{"line":19,"column":1},"end":{"line":19,"column":null}},"22":{"start":{"line":21,"column":24},"end":{"line":45,"column":1}},"23":{"start":{"line":21,"column":74},"end":{"line":21,"column":44}},"24":{"start":{"line":21,"column":44},"end":{"line":21,"column":59}},"25":{"start":{"line":21,"column":67},"end":{"line":21,"column":66}},"26":{"start":{"line":22,"column":16},"end":{"line":22,"column":36}},"27":{"start":{"line":23,"column":25},"end":{"line":23,"column":27}},"28":{"start":{"line":23,"column":27},"end":{"line":24,"column":28}},"29":{"start":{"line":24,"column":26},"end":{"line":42,"column":null}},"30":{"start":{"line":24,"column":2},"end":{"line":42,"column":3}},"31":{"start":{"line":24,"column":17},"end":{"line":24,"column":21}},"32":{"start":{"line":25,"column":4},"end":{"line":41,"column":null}},"33":{"start":{"line":26,"column":24},"end":{"line":26,"column":52}},"34":{"start":{"line":27,"column":6},"end":{"line":32,"column":null}},"35":{"start":{"line":28,"column":8},"end":{"line":28,"column":null}},"36":{"start":{"line":31,"column":8},"end":{"line":31,"column":null}},"37":{"start":{"line":33,"column":26},"end":{"line":33,"column":73}},"38":{"start":{"line":34,"column":21},"end":{"line":34,"column":48}},"39":{"start":{"line":36,"column":27},"end":{"line":36,"column":86}},"40":{"start":{"line":37,"column":6},"end":{"line":37,"column":null}},"41":{"start":{"line":40,"column":6},"end":{"line":40,"column":null}},"42":{"start":{"line":42,"column":3},"end":{"line":42,"column":null}},"43":{"start":{"line":44,"column":2},"end":{"line":44,"column":null}}},"fnMap":{"0":{"name":"_getRequireWildcardCache","decl":{"start":{"line":5,"column":26},"end":{"line":5,"column":null}},"loc":{"start":{"line":5,"column":26},"end":{"line":5,"column":null}}},"1":{"name":"loadYAML","decl":{"start":{"line":9,"column":6},"end":{"line":9,"column":14}},"loc":{"start":{"line":9,"column":40},"end":{"line":13,"column":1}}},"2":{"name":"(anonymous_19)","decl":{"start":{"line":15,"column":19},"end":{"line":15,"column":22}},"loc":{"start":{"line":15,"column":19},"end":{"line":15,"column":22}}},"3":{"name":"_callee","decl":{"start":{"line":15,"column":22},"end":{"line":15,"column":28}},"loc":{"start":{"line":15,"column":45},"end":{"line":18,"column":null}}},"4":{"name":"_callee$","decl":{"start":{"line":15,"column":45},"end":{"line":15,"column":null}},"loc":{"start":{"line":15,"column":45},"end":{"line":18,"column":null}}},"5":{"name":"loadYAMLAsync","decl":{"start":{"line":15,"column":6},"end":{"line":15,"column":19}},"loc":{"start":{"line":15,"column":19},"end":{"line":15,"column":22}}},"6":{"name":"processContents","decl":{"start":{"line":21,"column":6},"end":{"line":21,"column":21}},"loc":{"start":{"line":21,"column":74},"end":{"line":45,"column":1}}}},"branchMap":{"0":{"loc":{"start":{"line":5,"column":26},"end":{"line":5,"column":null}},"type":"if","locations":[{"start":{"line":5,"column":26},"end":{"line":5,"column":null}}]},"1":{"loc":{"start":{"line":5,"column":26},"end":{"line":5,"column":null}},"type":"cond-expr","locations":[{"start":{"line":5,"column":26},"end":{"line":5,"column":null}},{"start":{"line":5,"column":26},"end":{"line":5,"column":null}}]},"2":{"loc":{"start":{"line":5,"column":26},"end":{"line":5,"column":null}},"type":"binary-expr","locations":[{"start":{"line":5,"column":26},"end":{"line":5,"column":null}},{"start":{"line":5,"column":26},"end":{"line":5,"column":null}},{"start":{"line":5,"column":26},"end":{"line":5,"column":null}}]},"3":{"loc":{"start":{"line":5,"column":26},"end":{"line":5,"column":null}},"type":"binary-expr","locations":[{"start":{"line":5,"column":26},"end":{"line":5,"column":null}},{"start":{"line":5,"column":26},"end":{"line":5,"column":null}},{"start":{"line":5,"column":26},"end":{"line":5,"column":null}},{"start":{"line":5,"column":26},"end":{"line":5,"column":null}},{"start":{"line":5,"column":26},"end":{"line":5,"column":null}}]},"4":{"loc":{"start":{"line":15,"column":45},"end":{"line":18,"column":null}},"type":"switch","locations":[{"start":{"line":15,"column":45},"end":{"line":16,"column":null}},{"start":{"line":16,"column":68},"end":{"line":18,"column":null}},{"start":{"line":18,"column":36},"end":{"line":18,"column":null}},{"start":{"line":18,"column":36},"end":{"line":18,"column":null}}]},"5":{"loc":{"start":{"line":21,"column":44},"end":{"line":21,"column":59}},"type":"cond-expr","locations":[{"start":{"line":21,"column":47},"end":{"line":21,"column":57}},{"start":{"line":21,"column":57},"end":{"line":21,"column":59}}]},"6":{"loc":{"start":{"line":25,"column":4},"end":{"line":41,"column":null}},"type":"if","locations":[{"start":{"line":25,"column":4},"end":{"line":41,"column":null}},{"start":{"line":39,"column":9},"end":{"line":41,"column":null}}]},"7":{"loc":{"start":{"line":27,"column":6},"end":{"line":32,"column":null}},"type":"if","locations":[{"start":{"line":27,"column":6},"end":{"line":32,"column":null}},{"start":{"line":30,"column":11},"end":{"line":32,"column":null}}]}},"s":{"0":1,"1":1,"2":1,"3":1,"4":307,"5":1,"6":1,"7":2,"8":2,"9":2,"10":1,"11":1,"12":1,"13":0,"14":0,"15":0,"16":0,"17":0,"18":0,"19":0,"20":1,"21":1,"22":1,"23":3,"24":3,"25":3,"26":3,"27":3,"28":3,"29":3,"30":3,"31":13,"32":13,"33":1,"34":1,"35":0,"36":1,"37":1,"38":1,"39":1,"40":1,"41":12,"42":3,"43":3},"f":{"0":34,"1":2,"2":1,"3":0,"4":0,"5":0,"6":3},"b":{"0":[50],"1":[103,102],"2":[53,53,48],"3":[0,0,0,0,0],"4":[0,0,0,0],"5":[2,1],"6":[1,12],"7":[0,1]}}
}
